<?xml version="1.0" encoding="UTF-8"?>
<testsuite xmlns:xsi="http://www.w3.org/2001/XMLSchema-instance" xsi:noNamespaceSchemaLocation="https://maven.apache.org/surefire/maven-surefire-plugin/xsd/surefire-test-report.xsd" name="com.shrew.consulting.eagleeye.msp.customer.service.model.CustomerSpec" time="0.466" tests="1" errors="0" skipped="0" failures="1">
  <properties>
[...]
</properties>
  <testcase name="customer creation" classname="com.shrew.consulting.eagleeye.msp.customer.service.model.CustomerSpec" time="0.21">
    <failure message="Condition not satisfied:&#10;&#10;customer.id == 0&#10;|        |  |&#10;|        |  false&#10;|        null&#10;Customer(id=null, name=customer, telephone=1234567890, email=null, address1=1111 1st Ave., address2=, city=St. Paul, state=MN, zipcode=55438)&#10;" type="org.spockframework.runtime.SpockComparisonFailure">org.spockframework.runtime.SpockComparisonFailure: 
Condition not satisfied:

customer.id == 0
|        |  |
|        |  false
|        null
Customer(id=null, name=customer, telephone=1234567890, email=null, address1=1111 1st Ave., address2=, city=St. Paul, state=MN, zipcode=55438)

	at com.shrew.consulting.eagleeye.msp.customer.service.model.CustomerSpec.customer creation(CustomerSpec.groovy:13)
</failure>
    <system-out><![CDATA[22:49:26.532 [main] DEBUG org.springframework.test.annotation.ProfileValueUtils - Retrieved @ProfileValueSourceConfiguration [null] for test class [com.shrew.consulting.eagleeye.msp.customer.service.controllers.CustomerControllerIntSpec]
22:49:26.535 [main] DEBUG org.springframework.test.annotation.ProfileValueUtils - Retrieved ProfileValueSource type [class org.springframework.test.annotation.SystemProfileValueSource] for class [com.shrew.consulting.eagleeye.msp.customer.service.controllers.CustomerControllerIntSpec]
22:49:26.536 [main] DEBUG org.springframework.test.annotation.ProfileValueUtils - Retrieved @ProfileValueSourceConfiguration [null] for test class [com.shrew.consulting.eagleeye.msp.customer.service.controllers.CustomerControllerIntSpec]
22:49:26.536 [main] DEBUG org.springframework.test.annotation.ProfileValueUtils - Retrieved ProfileValueSource type [class org.springframework.test.annotation.SystemProfileValueSource] for class [com.shrew.consulting.eagleeye.msp.customer.service.controllers.CustomerControllerIntSpec]
22:49:26.538 [main] DEBUG org.springframework.test.annotation.ProfileValueUtils - Retrieved @ProfileValueSourceConfiguration [null] for test class [com.shrew.consulting.eagleeye.msp.customer.service.controllers.CustomerControllerIntSpec]
22:49:26.538 [main] DEBUG org.springframework.test.annotation.ProfileValueUtils - Retrieved ProfileValueSource type [class org.springframework.test.annotation.SystemProfileValueSource] for class [com.shrew.consulting.eagleeye.msp.customer.service.controllers.CustomerControllerIntSpec]
22:49:26.538 [main] DEBUG org.springframework.test.annotation.ProfileValueUtils - Retrieved @ProfileValueSourceConfiguration [null] for test class [com.shrew.consulting.eagleeye.msp.customer.service.controllers.CustomerControllerIntSpec]
22:49:26.538 [main] DEBUG org.springframework.test.annotation.ProfileValueUtils - Retrieved ProfileValueSource type [class org.springframework.test.annotation.SystemProfileValueSource] for class [com.shrew.consulting.eagleeye.msp.customer.service.controllers.CustomerControllerIntSpec]
22:49:26.539 [main] DEBUG org.springframework.test.annotation.ProfileValueUtils - Retrieved @ProfileValueSourceConfiguration [null] for test class [com.shrew.consulting.eagleeye.msp.customer.service.controllers.CustomerControllerIntSpec]
22:49:26.539 [main] DEBUG org.springframework.test.annotation.ProfileValueUtils - Retrieved ProfileValueSource type [class org.springframework.test.annotation.SystemProfileValueSource] for class [com.shrew.consulting.eagleeye.msp.customer.service.controllers.CustomerControllerIntSpec]
22:49:26.539 [main] DEBUG org.springframework.test.annotation.ProfileValueUtils - Retrieved @ProfileValueSourceConfiguration [null] for test class [com.shrew.consulting.eagleeye.msp.customer.service.controllers.CustomerControllerIntSpec]
22:49:26.539 [main] DEBUG org.springframework.test.annotation.ProfileValueUtils - Retrieved ProfileValueSource type [class org.springframework.test.annotation.SystemProfileValueSource] for class [com.shrew.consulting.eagleeye.msp.customer.service.controllers.CustomerControllerIntSpec]
22:49:26.540 [main] DEBUG org.springframework.test.annotation.ProfileValueUtils - Retrieved @ProfileValueSourceConfiguration [null] for test class [com.shrew.consulting.eagleeye.msp.customer.service.controllers.CustomerControllerIntSpec]
22:49:26.540 [main] DEBUG org.springframework.test.annotation.ProfileValueUtils - Retrieved ProfileValueSource type [class org.springframework.test.annotation.SystemProfileValueSource] for class [com.shrew.consulting.eagleeye.msp.customer.service.controllers.CustomerControllerIntSpec]
22:49:26.544 [main] DEBUG org.springframework.test.context.BootstrapUtils - Instantiating CacheAwareContextLoaderDelegate from class [org.springframework.test.context.cache.DefaultCacheAwareContextLoaderDelegate]
22:49:26.552 [main] DEBUG org.springframework.test.context.BootstrapUtils - Instantiating BootstrapContext using constructor [public org.springframework.test.context.support.DefaultBootstrapContext(java.lang.Class,org.springframework.test.context.CacheAwareContextLoaderDelegate)]
22:49:26.562 [main] DEBUG org.springframework.test.context.BootstrapUtils - Instantiating TestContextBootstrapper for test class [com.shrew.consulting.eagleeye.msp.customer.service.controllers.CustomerControllerIntSpec] from class [org.springframework.boot.test.context.SpringBootTestContextBootstrapper]
22:49:26.581 [main] INFO org.springframework.boot.test.context.SpringBootTestContextBootstrapper - Neither @ContextConfiguration nor @ContextHierarchy found for test class [com.shrew.consulting.eagleeye.msp.customer.service.controllers.CustomerControllerIntSpec], using SpringBootContextLoader
22:49:26.587 [main] DEBUG org.springframework.test.context.support.AbstractContextLoader - Did not detect default resource location for test class [com.shrew.consulting.eagleeye.msp.customer.service.controllers.CustomerControllerIntSpec]: class path resource [com/shrew/consulting/eagleeye/msp/customer/service/controllers/CustomerControllerIntSpec-context.xml] does not exist
22:49:26.587 [main] DEBUG org.springframework.test.context.support.AbstractContextLoader - Did not detect default resource location for test class [com.shrew.consulting.eagleeye.msp.customer.service.controllers.CustomerControllerIntSpec]: class path resource [com/shrew/consulting/eagleeye/msp/customer/service/controllers/CustomerControllerIntSpecContext.groovy] does not exist
22:49:26.588 [main] INFO org.springframework.test.context.support.AbstractContextLoader - Could not detect default resource locations for test class [com.shrew.consulting.eagleeye.msp.customer.service.controllers.CustomerControllerIntSpec]: no resource found for suffixes {-context.xml, Context.groovy}.
22:49:26.589 [main] INFO org.springframework.test.context.support.AnnotationConfigContextLoaderUtils - Could not detect default configuration classes for test class [com.shrew.consulting.eagleeye.msp.customer.service.controllers.CustomerControllerIntSpec]: CustomerControllerIntSpec does not declare any static, non-private, non-final, nested classes annotated with @Configuration.
22:49:26.658 [main] DEBUG org.springframework.test.context.support.ActiveProfilesUtils - Could not find an 'annotation declaring class' for annotation type [org.springframework.test.context.ActiveProfiles] and class [com.shrew.consulting.eagleeye.msp.customer.service.controllers.CustomerControllerIntSpec]
22:49:26.733 [main] DEBUG org.springframework.context.annotation.ClassPathScanningCandidateComponentProvider - Identified candidate component class: file [/Applications/dev-tools/school/ics499/ICS499A/eagleeye-msp-customer-service/target/classes/com/shrew/consulting/eagleeye/msp/customer/service/EagleEYEMSPCustomerService.class]
22:49:26.734 [main] INFO org.springframework.boot.test.context.SpringBootTestContextBootstrapper - Found @SpringBootConfiguration com.shrew.consulting.eagleeye.msp.customer.service.EagleEYEMSPCustomerService for test class com.shrew.consulting.eagleeye.msp.customer.service.controllers.CustomerControllerIntSpec
22:49:26.814 [main] DEBUG org.springframework.boot.test.context.SpringBootTestContextBootstrapper - @TestExecutionListeners is not present for class [com.shrew.consulting.eagleeye.msp.customer.service.controllers.CustomerControllerIntSpec]: using defaults.
22:49:26.814 [main] INFO org.springframework.boot.test.context.SpringBootTestContextBootstrapper - Loaded default TestExecutionListener class names from location [META-INF/spring.factories]: [org.springframework.boot.test.mock.mockito.MockitoTestExecutionListener, org.springframework.boot.test.mock.mockito.ResetMocksTestExecutionListener, org.springframework.boot.test.autoconfigure.restdocs.RestDocsTestExecutionListener, org.springframework.boot.test.autoconfigure.web.client.MockRestServiceServerResetTestExecutionListener, org.springframework.boot.test.autoconfigure.web.servlet.MockMvcPrintOnlyOnFailureTestExecutionListener, org.springframework.boot.test.autoconfigure.web.servlet.WebDriverTestExecutionListener, org.springframework.test.context.web.ServletTestExecutionListener, org.springframework.test.context.support.DirtiesContextBeforeModesTestExecutionListener, org.springframework.test.context.support.DependencyInjectionTestExecutionListener, org.springframework.test.context.support.DirtiesContextTestExecutionListener, org.springframework.test.context.transaction.TransactionalTestExecutionListener, org.springframework.test.context.jdbc.SqlScriptsTestExecutionListener, org.springframework.test.context.event.EventPublishingTestExecutionListener, org.spockframework.spring.SpringMockTestExecutionListener]
22:49:26.830 [main] INFO org.springframework.boot.test.context.SpringBootTestContextBootstrapper - Using TestExecutionListeners: [org.springframework.test.context.web.ServletTestExecutionListener@7ae0a9ec, org.springframework.test.context.support.DirtiesContextBeforeModesTestExecutionListener@35841320, org.springframework.boot.test.mock.mockito.MockitoTestExecutionListener@61c4eee0, org.springframework.boot.test.autoconfigure.SpringBootDependencyInjectionTestExecutionListener@6f10d5b6, org.springframework.test.context.support.DirtiesContextTestExecutionListener@1040be71, org.springframework.test.context.transaction.TransactionalTestExecutionListener@548a24a, org.springframework.test.context.jdbc.SqlScriptsTestExecutionListener@433defed, org.springframework.test.context.event.EventPublishingTestExecutionListener@2a693f59, org.springframework.boot.test.mock.mockito.ResetMocksTestExecutionListener@3f4faf53, org.springframework.boot.test.autoconfigure.restdocs.RestDocsTestExecutionListener@7fd50002, org.springframework.boot.test.autoconfigure.web.client.MockRestServiceServerResetTestExecutionListener@533bda92, org.springframework.boot.test.autoconfigure.web.servlet.MockMvcPrintOnlyOnFailureTestExecutionListener@304bb45b, org.springframework.boot.test.autoconfigure.web.servlet.WebDriverTestExecutionListener@723ca036, org.spockframework.spring.SpringMockTestExecutionListener@25be7b63]
22:49:26.853 [main] DEBUG org.springframework.test.annotation.ProfileValueUtils - Retrieved @ProfileValueSourceConfiguration [null] for test class [com.shrew.consulting.eagleeye.msp.customer.service.controllers.CustomerControllerIntSpec]
22:49:26.853 [main] DEBUG org.springframework.test.annotation.ProfileValueUtils - Retrieved ProfileValueSource type [class org.springframework.test.annotation.SystemProfileValueSource] for class [com.shrew.consulting.eagleeye.msp.customer.service.controllers.CustomerControllerIntSpec]
22:49:26.853 [main] DEBUG org.springframework.test.annotation.ProfileValueUtils - Retrieved @ProfileValueSourceConfiguration [null] for test class [com.shrew.consulting.eagleeye.msp.customer.service.controllers.CustomerControllerIntSpec]
22:49:26.853 [main] DEBUG org.springframework.test.annotation.ProfileValueUtils - Retrieved ProfileValueSource type [class org.springframework.test.annotation.SystemProfileValueSource] for class [com.shrew.consulting.eagleeye.msp.customer.service.controllers.CustomerControllerIntSpec]
22:49:26.853 [main] DEBUG org.springframework.test.annotation.ProfileValueUtils - Retrieved @ProfileValueSourceConfiguration [null] for test class [com.shrew.consulting.eagleeye.msp.customer.service.controllers.CustomerControllerIntSpec]
22:49:26.853 [main] DEBUG org.springframework.test.annotation.ProfileValueUtils - Retrieved ProfileValueSource type [class org.springframework.test.annotation.SystemProfileValueSource] for class [com.shrew.consulting.eagleeye.msp.customer.service.controllers.CustomerControllerIntSpec]
22:49:26.853 [main] DEBUG org.springframework.test.annotation.ProfileValueUtils - Retrieved @ProfileValueSourceConfiguration [null] for test class [com.shrew.consulting.eagleeye.msp.customer.service.controllers.CustomerControllerIntSpec]
22:49:26.853 [main] DEBUG org.springframework.test.annotation.ProfileValueUtils - Retrieved ProfileValueSource type [class org.springframework.test.annotation.SystemProfileValueSource] for class [com.shrew.consulting.eagleeye.msp.customer.service.controllers.CustomerControllerIntSpec]
22:49:26.853 [main] DEBUG org.springframework.test.annotation.ProfileValueUtils - Retrieved @ProfileValueSourceConfiguration [null] for test class [com.shrew.consulting.eagleeye.msp.customer.service.controllers.CustomerControllerIntSpec]
22:49:26.853 [main] DEBUG org.springframework.test.annotation.ProfileValueUtils - Retrieved ProfileValueSource type [class org.springframework.test.annotation.SystemProfileValueSource] for class [com.shrew.consulting.eagleeye.msp.customer.service.controllers.CustomerControllerIntSpec]
22:49:26.854 [main] DEBUG org.springframework.test.annotation.ProfileValueUtils - Retrieved @ProfileValueSourceConfiguration [null] for test class [com.shrew.consulting.eagleeye.msp.customer.service.controllers.CustomerControllerIntSpec]
22:49:26.854 [main] DEBUG org.springframework.test.annotation.ProfileValueUtils - Retrieved ProfileValueSource type [class org.springframework.test.annotation.SystemProfileValueSource] for class [com.shrew.consulting.eagleeye.msp.customer.service.controllers.CustomerControllerIntSpec]
22:49:26.854 [main] DEBUG org.springframework.test.annotation.ProfileValueUtils - Retrieved @ProfileValueSourceConfiguration [null] for test class [com.shrew.consulting.eagleeye.msp.customer.service.controllers.CustomerControllerIntSpec]
22:49:26.854 [main] DEBUG org.springframework.test.annotation.ProfileValueUtils - Retrieved ProfileValueSource type [class org.springframework.test.annotation.SystemProfileValueSource] for class [com.shrew.consulting.eagleeye.msp.customer.service.controllers.CustomerControllerIntSpec]
22:49:26.854 [main] DEBUG org.springframework.test.context.BootstrapUtils - Instantiating CacheAwareContextLoaderDelegate from class [org.springframework.test.context.cache.DefaultCacheAwareContextLoaderDelegate]
22:49:26.854 [main] DEBUG org.springframework.test.context.BootstrapUtils - Instantiating BootstrapContext using constructor [public org.springframework.test.context.support.DefaultBootstrapContext(java.lang.Class,org.springframework.test.context.CacheAwareContextLoaderDelegate)]
22:49:26.854 [main] DEBUG org.springframework.test.context.BootstrapUtils - Instantiating TestContextBootstrapper for test class [com.shrew.consulting.eagleeye.msp.customer.service.controllers.CustomerControllerIntSpec] from class [org.springframework.boot.test.context.SpringBootTestContextBootstrapper]
22:49:26.855 [main] INFO org.springframework.boot.test.context.SpringBootTestContextBootstrapper - Neither @ContextConfiguration nor @ContextHierarchy found for test class [com.shrew.consulting.eagleeye.msp.customer.service.controllers.CustomerControllerIntSpec], using SpringBootContextLoader
22:49:26.855 [main] DEBUG org.springframework.test.context.support.AbstractContextLoader - Did not detect default resource location for test class [com.shrew.consulting.eagleeye.msp.customer.service.controllers.CustomerControllerIntSpec]: class path resource [com/shrew/consulting/eagleeye/msp/customer/service/controllers/CustomerControllerIntSpec-context.xml] does not exist
22:49:26.856 [main] DEBUG org.springframework.test.context.support.AbstractContextLoader - Did not detect default resource location for test class [com.shrew.consulting.eagleeye.msp.customer.service.controllers.CustomerControllerIntSpec]: class path resource [com/shrew/consulting/eagleeye/msp/customer/service/controllers/CustomerControllerIntSpecContext.groovy] does not exist
22:49:26.856 [main] INFO org.springframework.test.context.support.AbstractContextLoader - Could not detect default resource locations for test class [com.shrew.consulting.eagleeye.msp.customer.service.controllers.CustomerControllerIntSpec]: no resource found for suffixes {-context.xml, Context.groovy}.
22:49:26.856 [main] INFO org.springframework.test.context.support.AnnotationConfigContextLoaderUtils - Could not detect default configuration classes for test class [com.shrew.consulting.eagleeye.msp.customer.service.controllers.CustomerControllerIntSpec]: CustomerControllerIntSpec does not declare any static, non-private, non-final, nested classes annotated with @Configuration.
22:49:26.864 [main] DEBUG org.springframework.test.context.support.ActiveProfilesUtils - Could not find an 'annotation declaring class' for annotation type [org.springframework.test.context.ActiveProfiles] and class [com.shrew.consulting.eagleeye.msp.customer.service.controllers.CustomerControllerIntSpec]
22:49:26.865 [main] INFO org.springframework.boot.test.context.SpringBootTestContextBootstrapper - Found @SpringBootConfiguration com.shrew.consulting.eagleeye.msp.customer.service.EagleEYEMSPCustomerService for test class com.shrew.consulting.eagleeye.msp.customer.service.controllers.CustomerControllerIntSpec
22:49:26.867 [main] DEBUG org.springframework.boot.test.context.SpringBootTestContextBootstrapper - @TestExecutionListeners is not present for class [com.shrew.consulting.eagleeye.msp.customer.service.controllers.CustomerControllerIntSpec]: using defaults.
22:49:26.867 [main] INFO org.springframework.boot.test.context.SpringBootTestContextBootstrapper - Loaded default TestExecutionListener class names from location [META-INF/spring.factories]: [org.springframework.boot.test.mock.mockito.MockitoTestExecutionListener, org.springframework.boot.test.mock.mockito.ResetMocksTestExecutionListener, org.springframework.boot.test.autoconfigure.restdocs.RestDocsTestExecutionListener, org.springframework.boot.test.autoconfigure.web.client.MockRestServiceServerResetTestExecutionListener, org.springframework.boot.test.autoconfigure.web.servlet.MockMvcPrintOnlyOnFailureTestExecutionListener, org.springframework.boot.test.autoconfigure.web.servlet.WebDriverTestExecutionListener, org.springframework.test.context.web.ServletTestExecutionListener, org.springframework.test.context.support.DirtiesContextBeforeModesTestExecutionListener, org.springframework.test.context.support.DependencyInjectionTestExecutionListener, org.springframework.test.context.support.DirtiesContextTestExecutionListener, org.springframework.test.context.transaction.TransactionalTestExecutionListener, org.springframework.test.context.jdbc.SqlScriptsTestExecutionListener, org.springframework.test.context.event.EventPublishingTestExecutionListener, org.spockframework.spring.SpringMockTestExecutionListener]
22:49:26.867 [main] INFO org.springframework.boot.test.context.SpringBootTestContextBootstrapper - Using TestExecutionListeners: [org.springframework.test.context.web.ServletTestExecutionListener@6f01b95f, org.springframework.test.context.support.DirtiesContextBeforeModesTestExecutionListener@4007f65e, org.springframework.boot.test.mock.mockito.MockitoTestExecutionListener@1a245833, org.springframework.boot.test.autoconfigure.SpringBootDependencyInjectionTestExecutionListener@673fdbce, org.springframework.test.context.support.DirtiesContextTestExecutionListener@5965d37, org.springframework.test.context.transaction.TransactionalTestExecutionListener@7a5ceedd, org.springframework.test.context.jdbc.SqlScriptsTestExecutionListener@4201c465, org.springframework.test.context.event.EventPublishingTestExecutionListener@5b799640, org.springframework.boot.test.mock.mockito.ResetMocksTestExecutionListener@6cb107fd, org.springframework.boot.test.autoconfigure.restdocs.RestDocsTestExecutionListener@710636b0, org.springframework.boot.test.autoconfigure.web.client.MockRestServiceServerResetTestExecutionListener@3de8f619, org.springframework.boot.test.autoconfigure.web.servlet.MockMvcPrintOnlyOnFailureTestExecutionListener@2ab4bc72, org.springframework.boot.test.autoconfigure.web.servlet.WebDriverTestExecutionListener@4e5ed836, org.spockframework.spring.SpringMockTestExecutionListener@eadd4fb]
]]></system-out>
  </testcase>
</testsuite>